[2024-07-20 02:44:43] production.DEBUG: From: Flys Fare <info@flysfare.com>
To: info@flysfare.com
Subject: [Flys Fare] New message
MIME-Version: 1.0
Date: Sat, 20 Jul 2024 02:44:43 +0600
Message-ID: <0692d0ba1012309d7aa9b4835904ffc0@flysfare.com>
Content-Type: text/html; charset=utf-8
Content-Transfer-Encoding: quoted-printable

<!doctype html>
<html xmlns=3D"http://www.w3.org/1999/xhtml" xmlns:v=3D"urn:schemas-microso=
ft-com:vml" xmlns:o=3D"urn:schemas-microsoft-com:office:office">
    <head>
        <title></title>
        <meta http-equiv=3D"X-UA-Compatible" content=3D"IE=3Dedge">
        <!--<![endif]-->
        <meta http-equiv=3D"Content-Type" content=3D"text/html; charset=3DU=
TF-8">
        <meta name=3D"viewport" content=3D"width=3Ddevice-width, initial-sc=
ale=3D1">
        <link rel=3D'stylesheet' id=3D'google-font-css-css'  href=3D'https:=
//fonts.googleapis.com/css?family=3DPoppins%3A400%2C500%2C600' type=3D'text=
/css' media=3D'all' />
        <style>
            .b-email-wrap{
                background: #ebeef2;
                padding: 40px 0px;
                color: #1A2B48;
                font-size: 14px;
                font-family: 'Poppins', sans-serif !important;
                font-weight: normal;
                line-height: 1.5;
                overflow-x: hidden;
                margin: 0px;
            }
            .b-header{
                background: #5291fa;
                padding: 30px;
                color: white;
            }
            .b-header .site-title,
            .b-header h1,
            .b-header h2,
            .b-header h3,
            .b-header h4,
            .b-header h5,
            .b-header p
            {
                margin:0px;
                display: block;
                text-align: center;
            }
            .b-container{
                max-width: 600px;
                margin: 0px auto;
            }

            .b-panel{
                border: 1px solid rgba(0, 0, 0, 0.1);
                margin-bottom: 30px;
                padding: 30px;
                background: white;
            }
            .b-panel .b-panel{
                padding: 0px;
                box-shadow: none;
            }
            .b-panel-title{
                text-align: center;
                margin-bottom: 30px;
                font-size: 24px;
                font-weight: 500;
            }
            .b-table-wrap{
                overflow-x:auto;
            }
            .b-table{
                width: 100%;
            }
            .b-table tr td,
            .b-table .b-tr,
            .b-table tr th{
                padding: 10px;
            }
            .b-table .b-tr{
                clear: both;
                border-bottom: 1px solid #EAEEF3;
            }
            .b-table .b-tr:after{
                display: table;
                clear: both;
                content:'';
            }
            .b-table tr td{
                border-bottom: 1px solid #EAEEF3;
            }
            .b-table tbody tr:nth-child(even) td{
                /*background: #f5f7fd;*/
            }
            .b-table tbody tr td.label,
            .b-table .b-tr .label{
                font-weight: 500;
            }
            .b-table tbody tr td.val,
            .b-table .b-tr .val{
                text-align: right;
            }

            .b-table tbody tr td.val p,
            .b-table .b-tr .val p{
                padding: 0;
                margin: 0;
            }

            .b-table .b-tr .label,
            .b-table .b-tr .val{
                float: left;
                width: 50%;
            }
            .pricing-list{
                text-align: left;
                margin: 0px;
                padding: 0px;
                list-style: none;
            }
            .pricing-list td{
                padding: 7px 0px;
            }
            .pricing-list td .val{
                text-align: right;
            }
            .pricing-list .no-flex{
                display: block;
            }
            .email-headline{
                margin-top: 0px;
            }

            .text-center{
                text-align: center;
            }

            .btn{
                display: inline-block;
                color: #212529;
                text-align: center;
                vertical-align: middle;
                -webkit-user-select: none;
                -moz-user-select: none;
                -ms-user-select: none;
                user-select: none;
                background-color: #ebeef2;
                line-height: 1.5;
                border: none;
                -webkit-box-shadow: none;
                box-shadow: none;
                border-radius: 3px;
                padding: 7px 20px;
                -webkit-transition: background .2s, color .2s;
                transition: background .2s, color .2s;
                font-size: 14px;
                font-weight: 500;
                text-decoration: none;
            }
            .btn.btn-primary{

                background: #5191FA;
                color: white;
            }
            .mt20{
                margin-top: 20px;
            }
            .no-padding{
                padding: 0px;
            }
            .no-r-padding{
                padding-right: 0px!important;
            }
            .fsz21{
                font-size: 21px;
            }
            .no-b-border{
                border-bottom: 0px!important;
            }
            @media screen and (max-width: 768px) {
                .b-panel{
                    padding: 15px;
                }
                .b-table tr td,
                .b-table tr th{
                    padding-right: 2px;
                    padding-left: 2px;
                }
                .b-panel-title{
                    font-size: 18px;
                    font-weight: bold;
                    margin-bottom: 15px;
                }
                .b-email-wrap{
                    padding: 0px;
                }

                .b-table .b-tr .label,
                .b-table .b-tr .val{
                    float:none;
                }

                .b-table .b-tr .val{
                    text-align: left;
                }
            }
                    </style>
    </head>
    <body>
        <div class=3D"b-email-wrap">
            <div class=3D"" style=3D"">
    <div class=3D"b-container">
        <div class=3D"b-header">
                        <h1 class=3D"site-title">Flys Fare</h1>
        </div>
    </div>
</div>

           =20
    <div class=3D"b-container">
        <div class=3D"b-panel">
            <h3 class=3D"email-headline"><strong>Hello Administrator</stron=
g></h3>
            <p>Here are new contact information:</p>
            <br>
            <div class=3D"b-panel">
                <div class=3D"b-table-wrap">
                    <table class=3D"b-table" cellspacing=3D"0" cellpadding=
=3D"0">
                        <tr class=3D"info-first-name">
                            <td class=3D"label">Name</td>
                            <td class=3D"val">Imogen Coronado</td>
                        </tr>
                        <tr class=3D"info-first-name">
                            <td class=3D"label">Email</td>
                            <td class=3D"val">coronado.imogen@gmail.com</td=
>
                        </tr>
                        <tr class=3D"info-first-name">
                            <td class=3D"label">Message</td>
                            <td class=3D"val">People + Processes + Working =
Capital =3D The Recipe for Business Success

But most small business owners put little thought into the capital needed t=
o scale and grow their business.

If you have the people &amp; the business processes in place but no working=
 capital, then your business will be stuck in neutral.

Get a no obligation working capital quote in less than 2 minutes.=20

 USA Based Businesses Only!=20

Contact me below for details

Elizabeth Miller
elizabeth.miller@helloratesfastfunding.com
https://www.helloratesfastfunding.com</td>
                        </tr>
                    </table>
                </div>
            </div>

        </div>
    </div>

            <div class=3D"b-footer" style=3D"margin-top: 0px;">
    <div class=3D"b-container">
       =20
    </div>
</div>        </div>
    </body>
</html>
  
[2024-07-20 05:52:07] production.DEBUG: From: Flys Fare <info@flysfare.com>
To: info@flysfare.com
Subject: [Flys Fare] New message
MIME-Version: 1.0
Date: Sat, 20 Jul 2024 05:52:07 +0600
Message-ID: <f38000e88507ea11559dd4e1c312e7e1@flysfare.com>
Content-Type: text/html; charset=utf-8
Content-Transfer-Encoding: quoted-printable

<!doctype html>
<html xmlns=3D"http://www.w3.org/1999/xhtml" xmlns:v=3D"urn:schemas-microso=
ft-com:vml" xmlns:o=3D"urn:schemas-microsoft-com:office:office">
    <head>
        <title></title>
        <meta http-equiv=3D"X-UA-Compatible" content=3D"IE=3Dedge">
        <!--<![endif]-->
        <meta http-equiv=3D"Content-Type" content=3D"text/html; charset=3DU=
TF-8">
        <meta name=3D"viewport" content=3D"width=3Ddevice-width, initial-sc=
ale=3D1">
        <link rel=3D'stylesheet' id=3D'google-font-css-css'  href=3D'https:=
//fonts.googleapis.com/css?family=3DPoppins%3A400%2C500%2C600' type=3D'text=
/css' media=3D'all' />
        <style>
            .b-email-wrap{
                background: #ebeef2;
                padding: 40px 0px;
                color: #1A2B48;
                font-size: 14px;
                font-family: 'Poppins', sans-serif !important;
                font-weight: normal;
                line-height: 1.5;
                overflow-x: hidden;
                margin: 0px;
            }
            .b-header{
                background: #5291fa;
                padding: 30px;
                color: white;
            }
            .b-header .site-title,
            .b-header h1,
            .b-header h2,
            .b-header h3,
            .b-header h4,
            .b-header h5,
            .b-header p
            {
                margin:0px;
                display: block;
                text-align: center;
            }
            .b-container{
                max-width: 600px;
                margin: 0px auto;
            }

            .b-panel{
                border: 1px solid rgba(0, 0, 0, 0.1);
                margin-bottom: 30px;
                padding: 30px;
                background: white;
            }
            .b-panel .b-panel{
                padding: 0px;
                box-shadow: none;
            }
            .b-panel-title{
                text-align: center;
                margin-bottom: 30px;
                font-size: 24px;
                font-weight: 500;
            }
            .b-table-wrap{
                overflow-x:auto;
            }
            .b-table{
                width: 100%;
            }
            .b-table tr td,
            .b-table .b-tr,
            .b-table tr th{
                padding: 10px;
            }
            .b-table .b-tr{
                clear: both;
                border-bottom: 1px solid #EAEEF3;
            }
            .b-table .b-tr:after{
                display: table;
                clear: both;
                content:'';
            }
            .b-table tr td{
                border-bottom: 1px solid #EAEEF3;
            }
            .b-table tbody tr:nth-child(even) td{
                /*background: #f5f7fd;*/
            }
            .b-table tbody tr td.label,
            .b-table .b-tr .label{
                font-weight: 500;
            }
            .b-table tbody tr td.val,
            .b-table .b-tr .val{
                text-align: right;
            }

            .b-table tbody tr td.val p,
            .b-table .b-tr .val p{
                padding: 0;
                margin: 0;
            }

            .b-table .b-tr .label,
            .b-table .b-tr .val{
                float: left;
                width: 50%;
            }
            .pricing-list{
                text-align: left;
                margin: 0px;
                padding: 0px;
                list-style: none;
            }
            .pricing-list td{
                padding: 7px 0px;
            }
            .pricing-list td .val{
                text-align: right;
            }
            .pricing-list .no-flex{
                display: block;
            }
            .email-headline{
                margin-top: 0px;
            }

            .text-center{
                text-align: center;
            }

            .btn{
                display: inline-block;
                color: #212529;
                text-align: center;
                vertical-align: middle;
                -webkit-user-select: none;
                -moz-user-select: none;
                -ms-user-select: none;
                user-select: none;
                background-color: #ebeef2;
                line-height: 1.5;
                border: none;
                -webkit-box-shadow: none;
                box-shadow: none;
                border-radius: 3px;
                padding: 7px 20px;
                -webkit-transition: background .2s, color .2s;
                transition: background .2s, color .2s;
                font-size: 14px;
                font-weight: 500;
                text-decoration: none;
            }
            .btn.btn-primary{

                background: #5191FA;
                color: white;
            }
            .mt20{
                margin-top: 20px;
            }
            .no-padding{
                padding: 0px;
            }
            .no-r-padding{
                padding-right: 0px!important;
            }
            .fsz21{
                font-size: 21px;
            }
            .no-b-border{
                border-bottom: 0px!important;
            }
            @media screen and (max-width: 768px) {
                .b-panel{
                    padding: 15px;
                }
                .b-table tr td,
                .b-table tr th{
                    padding-right: 2px;
                    padding-left: 2px;
                }
                .b-panel-title{
                    font-size: 18px;
                    font-weight: bold;
                    margin-bottom: 15px;
                }
                .b-email-wrap{
                    padding: 0px;
                }

                .b-table .b-tr .label,
                .b-table .b-tr .val{
                    float:none;
                }

                .b-table .b-tr .val{
                    text-align: left;
                }
            }
                    </style>
    </head>
    <body>
        <div class=3D"b-email-wrap">
            <div class=3D"" style=3D"">
    <div class=3D"b-container">
        <div class=3D"b-header">
                        <h1 class=3D"site-title">Flys Fare</h1>
        </div>
    </div>
</div>

           =20
    <div class=3D"b-container">
        <div class=3D"b-panel">
            <h3 class=3D"email-headline"><strong>Hello Administrator</stron=
g></h3>
            <p>Here are new contact information:</p>
            <br>
            <div class=3D"b-panel">
                <div class=3D"b-table-wrap">
                    <table class=3D"b-table" cellspacing=3D"0" cellpadding=
=3D"0">
                        <tr class=3D"info-first-name">
                            <td class=3D"label">Name</td>
                            <td class=3D"val">Michale Nanson</td>
                        </tr>
                        <tr class=3D"info-first-name">
                            <td class=3D"label">Email</td>
                            <td class=3D"val">nanson.michale@gmail.com</td>
                        </tr>
                        <tr class=3D"info-first-name">
                            <td class=3D"label">Message</td>
                            <td class=3D"val">Hi there, I apologize for usi=
ng your contact form,=20
but I wasn&#039;t sure who the right person was to speak with in your compa=
ny.=20
We have a patented application that creates Local Area pages that rank on=
=20
top of Google within weeks, we call it Local Magic.  Here is a link to the=
=20
product page https://www.mrmarketingres.com/local-magic/ . The product=20
leverages technology where these pages are managed dynamically by AI and=20
it is ideal for promoting any type of business that gets customers from Goo=
gle.  Can I share a testimonial=20
from one of our clients in the same industry?  I&#039;d prefer to do a shor=
t zoom to=20
illustrate their full case study if you have time for it?=20
You can reach me at marketing@mrmarketingres.com or 843-720-7301. And if th=
is isn&#039;t a fit please feel free to email me and I&#039;ll be sure not =
to reach out again.  Thanks!</td>
                        </tr>
                    </table>
                </div>
            </div>

        </div>
    </div>

            <div class=3D"b-footer" style=3D"margin-top: 0px;">
    <div class=3D"b-container">
       =20
    </div>
</div>        </div>
    </body>
</html>
  
